2024-01-25 15:32:07 - WARNING - Question 1308: Cosa si intende per navigazione interna?:
a) quella effettuata tra la costa e le linee di base.
b) quella effettuata su laghi di confine. -
c) quella effettuata sui laghi, fiumi, canali e altre acque interne. +
2024-01-25 15:32:22 - WARNING - Question 1372: Il noleggio occasionale è::
a) è una attività professionale svolta in maniera non continuativa.
b) la facoltà del proprietario di una imbarcazione di noleggiare la propria unità per un massimo di
42 giorni l'anno previa comunicazione di ogni singolo contratto all'Agenzia delle Entrate e all'Autorità marittima. Non costituisce un'attività professionale. +
c) è un sinonimo di locazione.
2024-01-25 15:32:29 - WARNING - Question 1145: Avuto riguardo alla navigazione stimata, volendo calcolare il valore del percorso stimato compreso tra due punti, considerando la velocità propulsiva della propria unità navale e
l'intervallo temporale impiegato per percorrerlo, quale tra le seguenti formule dovrà essere applicata?:
a) V = S / T, dove S si esprime in miglia nautiche e T in ore e
decimi di ora. -
b) T = S / V, dove S si esprime in miglia nautiche e V in nodi (miglia
nautiche orarie).
c) S = V * T, dove V si esprime in nodi(miglia nautiche orarie) e T in ore e
decimi di ora. +
2024-01-25 15:32:32 - WARNING - Question 1314: Un'imbarcazione da diporto registrata nell'ATCN (Archivio Telematico Centrale della Nautica da diporto), ha la sigla così composta::
a) il nome della barca seguito dalla lettera D. -
b) codice alfanumerico composto da
4 lettere e 4 numeri seguiti dalla lettera D. +
c) sigla provincia + N + numero iscrizione.
