2024-02-20 13:07:08 - WARNING - Question 993: Dove è indicato, sulla carta nautica, il valore della longitudine?:
a) in basso. -
b) in alto.
c) in alto e in basso. +
2024-02-20 13:11:18 - WARNING - Question 1012: A quali aree marittime si riferiscono le carte e pubblicazioni nautiche edite dall'I.I.M.M.?:
a) ai mari ed alle coste nazionali italiane. -
b) a tutti i mari del mondo.
c) ai mari ed alle coste nazionali italiane nonché a quelle del Mar Mediterraneo, del Mar d'Azov e del Mar Nero. +
2024-02-20 13:11:53 - WARNING - Question 1014: Gli aggiornamenti alla carta nautica si riportano::
a) sulle "Tavole Nautiche".
b) nella Legenda del titolo. -
c) su un lato a margine della stessa carta nautica. +
2024-02-20 13:12:25 - WARNING - Question 1017: Qual è la scala delle carte nautiche generali?:
a) 1:100.000 e inferiore. -
b) 1:3.000.000 e inferiore. +
c) 1:300.000 e inferiore.
2024-02-20 13:13:00 - WARNING - Question 1020: Come sono rappresentati i meridiani sulla carta di Mercatore?:
a) con rette parallele tra loro, ma non equidistanti. -
b) con rette perpendicolari all'equatore ed equidistanti fra loro. +
c) con rette convergenti verso il polo.
