2024-03-03 10:14:04 - WARNING - Question 1333: Quali sono gli obblighi a cui deve adempiere il conduttore di un'unita' navale da diporto locata?:
a) impiegare l'unita' navale da diporto secondo le caratteristiche tecniche risultanti dal certificato di stabilita' e in conformita' alle finalita' di diporto.
b) impiegare l'unita' da diporto secondo le caratteristiche tecniche risultanti dal certificato di classe e in conformita' alle finalita' di diporto. -
c) impiegare l'unita' da diporto secondo le caratteristiche tecniche risultanti dalla licenza di navigazione e in conformita' alle finalita' di diporto. +
2024-03-03 10:17:26 - WARNING - Question 1357: Quali unita' da diporto sono soggette alla marcatura "CE"?:
a) natanti a motore e quelli a vela con superficie velica superiore a quattro metri quadrati. -
b) unita' di lunghezza compresa tra10 metri e 24 metri.
c) unita' di lunghezza compresa tra 2,5 metri e 24 metri, se immesse in commercio dopo il 16/06/1998. +
2024-03-03 10:25:46 - WARNING - Question 1399: E' obbligatoria la patente nautica per condurre un'unita' da diporto avente un motore di 35 Kw?:
a) mai. -
b) solo in determinati casi.
c) sempre. +
2024-03-03 10:28:06 - WARNING - Question 1412: Un natante omologato CE puo' navigare::
a) anche oltre 12 miglia dalla costa, se ha le adeguate dotazioni di sicurezza -
b) sempre e solo entro 6 miglia dalla costa.
c) entro 12 miglia dalla costa, se omologato per la navigazione senza alcun limite. +
2024-03-03 10:31:35 - WARNING - Question 1425: La distanza minima tra lo sciatore nautico e il mezzo trainante e' di::
a) 18 metri. +
b) F -
c) 14 metri.
2024-03-03 10:37:13 - WARNING - Question 1472: Nelle aree marine protette dove l'ormeggio e' regolamentato tramite campi boe::
a) nei campi boe l'ancoraggio e' consentito dall'alba al tramonto.
b) nei campi boe l'ancoraggio e' consentito solo se c'e' sufficiente spazio di manovra. -
c) nei campi boe l'ancoraggio non e' mai consentito. +
