
2024-03-02 14:55:14 - WARNING - Question 1292: Il comandante dell'unita' navale che in caso di urto non dia nei limiti del possibile alle altre unita' le notizie necessarie per l'identificazione della propria imbarcazione::
a) e' punito con la reclusione da uno a due mesi.
b) e' punito con il pagamento di un'ammenda fino a 206,00 Euro. -
c) e' punito con la sanzioneamministrativa del pagamento di una somma da 1.032,00 Euro a 6.197,00Euro. +
2024-03-02 14:57:41 - WARNING - Question 1299: Quale tra queste condotte costituisce un illecito amministrativo?:
a) non ottemperare agli ordini impartiti dalla competente Autorita' marittima, ai sensi dell'art. 70 Codice della Navigazione, omettendo di cooperare con i mezzi di cui si dispone, al soccorso di -
b) salvo che il fatto costituisca violazione della normativa sulle aree marine protette, l'utilizzo di un'unita' da diporto non osservando una disposizione di legge o di regolamento in materia di sicurezza della navigazione. +
c) tentare il salvataggio nei confronti di un'altra unita' navale in pericolo di perdersi qualora non comportigrave rischio per l'unita'soccorritrice.
2024-03-02 14:58:00 - WARNING - Question 1300: I limiti di navigazione delle unita' munite di marcatura "CE" sono definiti::
a) dall'omologazione dell'organo tecnico. -
b) dall'altezza significativa delle onde e dalla forza del vento. +
c) dalla distanza dalla costa.
2024-03-02 14:59:36 - WARNING - Question 1304: In caso di ritrovamento in spiaggia di natanti, motori marini, ecc.::
a) si segnala il ritrovamento telefonando al numero 115. -
b) si presenta denuncia alla stazione dei Carabinieri.
c) si presentata apposita denuncia all'Autorita' marittima locale. +
2024-03-02 15:03:32 - WARNING - Question 1333: Quali sono gli obblighi a cui deve adempiere il conduttore di un'unita' navale da diporto locata?:
a) impiegare l'unita' navale da diporto secondo le caratteristiche tecniche risultanti dal certificato di stabilita' e in conformita' alle finalita' di diporto.
b) impiegare l'unita' da diporto secondo le caratteristiche tecniche risultanti dal certificato di classe e in conformita' alle finalita' di diporto. -
c) impiegare l'unita' da diporto secondo le caratteristiche tecniche risultanti dalla licenza di navigazione e in conformita' alle finalita' di diporto. +
2024-03-02 15:05:25 - WARNING - Question 1347: Le acque interne marittime sono costituite::
a) dalle acque marittime riservate alla balneazione.
b) dai laghi e dai fiumi dello Stato. -
c) dalle acque marittime comprese tra la costa e la linea di base. +
2024-03-02 15:05:59 - WARNING - Question 1352: Un'imbarcazione da diporto marcata "CE", puo' recarsi all'estero?:
a) si, se la categoria di progettazione consente di intraprendere la navigazione necessaria per raggiungere la destinazione estera. +
b) si', sempre. -
c) si', ma solo in presenza di mare e vento assicurati.
2024-03-02 15:06:16 - WARNING - Question 1353: La denuncia di evento straordinario e' presentata se in corso di::
a) navigazione, le persone a bordo hanno corso un pericolo. -
b) navigazione, si esegue una variazione di rotta non programmata.
c) navigazione, si siano verificatieventi anomali relativi all'unita' o alle persone a bordo. +
2024-03-02 15:07:48 - WARNING - Question 1359: Si puo' sospendere la patente nel caso di assunzione del comando di un'unita' da diporto con patente nautica scaduta di validita'?:
a) si', se la patente nautica e' scaduta da piu' di 12 mesi. -
b) non e' prevista la sospensione in questo caso. +
c) si', sempre.
2024-03-02 15:10:42 - WARNING - Question 1369: Si paga una somma per "prendere in godimento" un'imbarcazione per un determinato periodo di tempo e il contratto esclude la "possibilita' di riscatto" alla sua scadenza siamo in presenza di un contratto di::
a) locazione. +
b) leasing finanziario. -
c) noleggio.
2024-03-02 15:12:43 - WARNING - Question 1382: La patente nautica e' obbligatoria per il comando o condotta di un'imbarcazione da diporto entro 6 miglia dalla costa, quando a bordo sia installato un motore di potenza di 29 Kw ecilindrata di 1.398 centimetri cubici con carburazione a 4 tempi entro bordo?:
a) si', solo se minorenne.
b) no, in questo caso e' richiestosolo di aver compiuto i 18 anni di eta'. -
c) si', in questo caso sussiste l'obbligo di patente nautica. +
2024-03-02 15:13:01 - WARNING - Question 1384: Nel caso non siano avvenute lesioni a persone a bordo, la denuncia di evento straordinario va presentata::
a) entro tre giorni dall'arrivo in porto. +
b) non appena possibile. -
c) subito all'arrivo in porto.
2024-03-02 15:14:16 - WARNING - Question 1392: La patente nautica viene revocata in caso di::
a) condotta con tasso alcolemico pari a 1,50 grammi per litro. -
b) per gravi atti di imperizia ed imprudenza.
c) in caso di perdita dei requisiti morali e fisici. +
2024-03-02 15:14:45 - WARNING - Question 1394: La patente nautica e' obbligatoria per il comando o condotta di un'imbarcazione da diporto entro 6 miglia dalla costa, quandoa bordo sia installato un motore fuoribordo di potenza di 29 Kw e cilindrata di 1.299 centimetri cubici a iniezione diretta?:
a) si', solo se minorenne.
b) no, in questo caso e' richiestosolo di aver compiuto i 18 anni di eta'. -
c) si', in questo caso sussiste l'obbligo di patente nautica. +
2024-03-02 15:15:16 - WARNING - Question 1398: E' obbligatoria la patente nautica, per la navigazione con un'imbarcazione da diporto entro 6 miglia dalla costa, quando a bordo sia installato un motore di potenza di 29 Kw e cilindrata di 1.098 centimetri cubici e carburazione a quattro tempi fuori bordo?:
a) si', in questo caso sussiste l'obbligo di patente nautica. +
b) no, in questo caso e' richiestosolo di aver compiuto i 18 anni di eta'. -
c) si', solo se minorenne.
2024-03-02 15:17:16 - WARNING - Question 1410: La moto d'acqua puo' navigare oltre la velocita' minima::
a) oltre 100 metri dalla costa. -
b) oltre 1000 metri dalla costa, 500 metri dalle coste a picco. +
c) oltre 1 miglio dalla costa.
2024-03-02 15:18:28 - WARNING - Question 1418: Avuto riguardo alla disciplina dello sci nautico, quale tra queste affermazioni e' corretta?:
a) e' consentito a qualsiasi  unita' navale a motore seguire altre unita' navali  trainanti  sciatori, purche' distanti oltre i 15 metri dallo sciatore stesso.
b) e' vietato a qualsiasi unita' navale a motore seguire, nella scia o a distanza inferiore a quella di sicurezza, altre unita' navali trainanti sciatori oppure attraversarne la scia in velocita' a vicinanza tale da poter investire gli sciatori in caso di caduta. -
c) e' vietato a qualsiasi unita' navale a motore superare altre unita' navali trainanti sciatori oppure attraversarne la scia a velocita' superiore a 15 nodi. +
2024-03-02 15:21:41 - WARNING - Question 1426: L'unita' con la quale viene praticato lo sci nautico::
a) deve essere un'unita' omologata CE. -
b) deve essere un'unita' immatricolata.
c) puo' essere qualsiasi tipo di unita' da diporto. +
2024-03-02 15:24:51 - WARNING - Question 1452: Le manifestazioni e le gare di pesca sportiva sono subordinate::
a) all'approvazione dell'autorita' comunale che emana un'apposita autorizzazione.
b) all'approvazione  del Capo del Compartimento marittimo che emana un'apposita ordinanza. +
c) all'approvazione dell'autorita' prefettizia che emana un'apposita autorizzazione. -
2024-03-02 15:26:11 - WARNING - Question 1463: Generalmente, in zona B delle Aree Marine Protette la navigazione::
a) e' sempre consentita.
b) non e' mai consentita. -
c) e' disciplinata dal decreto istitutivo e dal regolamento di gestione. +
