2024-03-04 09:42:20 - WARNING - Question 12: Durante la navigazione di una unità a vela, il vento apparente è sempre orientato più a proravia rispetto al vento reale.:
a) VERO +
b) FALSO -
2024-03-04 09:44:28 - WARNING - Question 29: Il centro velico risulta essere il punto di applicazione della forza del vento apparente sulle vele e sull'opera morta.:
a) VERO -
b) FALSO +
2024-03-04 09:44:52 - WARNING - Question 30: Il centro di deriva risulta essere il centro geometrico della superficie di deriva posto sotto la chiglia dell'unità a vela.:
a) VERO -
b) FALSO +
2024-03-04 09:57:21 - WARNING - Question 67: La posizione del centro di deriva delle unità a vela dipende dalla forma delle vele.:
a) VERO -
b) FALSO +
2024-03-04 10:01:28 - WARNING - Question 88: Per contrastare la tendenza poggera dell'unità a vela è utile spostare i pesi verso prua.:
a) VERO +
b) FALSO -
2024-03-04 10:02:03 - WARNING - Question 90: E' meglio evitare un'impostazione troppo poggera di un'unità perché tale impostazione limita notevolmente l'azione del timone.:
a) VERO -
b) FALSO +
2024-03-04 10:02:44 - WARNING - Question 95: Lascare la drizza e la base della randa aumenta la concavità della vela (grasso) e le fa  assumere una configurazione adatta all'andatura in fil di ruota.:
a) VERO +
b) FALSO -
2024-03-04 10:28:58 - WARNING - Question 130: Quello rappresentato in figura è un paranco con un rapporto 6:1:
a) VERO -
b) FALSO +
2024-03-04 10:29:02 - WARNING - Question 131: Quello rappresentato in figura è un paranco doppio con il rapporto più favorevole, il cosiddetto fino di 8:1.:
a) VERO +
b) FALSO -
2024-03-04 10:37:48 - WARNING - Question 143: La varea del tangone è l'anello di attacco del mantiglio.:
a) VERO -
b) FALSO +
2024-03-04 10:38:27 - WARNING - Question 152: Cazzando il paterazzo si determina un rilevante smagrimento della parte centrale della randa.:
a) VERO +
b) FALSO -
2024-03-04 10:44:04 - WARNING - Question 159: Per lazy jack si intende una particolare drizza utilizzata per issare le vele in condizioni di emergenza.:
a) VERO -
b) FALSO +
2024-03-04 10:45:19 - WARNING - Question 164: Per braccio si intende il cavo utilizzato per manovrare e, quindi, regolare la mura dello spinnaker.:
a) VERO +
b) FALSO -
2024-03-04 10:53:57 - WARNING - Question 175: Un winch self-tailing è un verricello elettronico comandato dalla timoneria per il quale non è necessario l'uso della maniglia.:
a) VERO -
b) FALSO +
2024-03-04 10:55:21 - WARNING - Question 177: Girando la maniglia in senso orario il winch sostiene una migliore trazione e potenza.:
a) VERO +
b) FALSO -
2024-03-04 10:59:30 - WARNING - Question 188: Per poggiare è necessario porre la barra del timone sopravento ossia dalla parte opposta rispetto alla randa.:
a) VERO +
b) FALSO -
2024-03-04 11:00:46 - WARNING - Question 190: Quando due unità navali a vela navigano di bolina con rotte convergenti, quella con le mure a sinistra poggierà per lasciare la rotta libera a quella con le mure a dritta, passandole di poppa.:
a) VERO +
b) FALSO -
2024-03-04 11:01:06 - WARNING - Question 191: Quando due unità navali a vela navigano di bolina con rotte convergenti, quella più lenta lascierà la rotta libera a quella più veloce, passandole di poppa.:
a) VERO -
b) FALSO +
2024-03-04 11:19:21 - WARNING - Question 207: La barca viene condotta con la prua al vento al fine di consentire che il fiocco non si gonfi mentre viene issato.:
a) VERO +
b) FALSO -
2024-03-04 11:20:10 - WARNING - Question 210: Issare la tormentina è la manovra che può essere adottata al fine di ridurre la velocità risalendo il vento:
a) VERO -
b) FALSO +
2024-03-04 11:20:19 - WARNING - Question 211: La manovra che può essere adottata al fine di ridurre la velocità nelle andature portanti è far fileggiare la randa.:
a) VERO -
b) FALSO +
2024-03-04 11:21:36 - WARNING - Question 220: La manovra denominata "strallare" consiste nel ruotare il tangone verso la parte prodiera dell'unità navale conducendone l'estremità libera in prossimità dello strallo.:
a) VERO +
b) FALSO -
2024-03-04 11:22:04 - WARNING - Question 224: Per sventare si intende la manovra tesa a condurre l'unità navale con la poppa al vento.:
a) VERO -
b) FALSO +
2024-03-04 11:22:18 - WARNING - Question 227: Per poggiare è necessario porre la barra al centro:
a) VERO +
b) FALSO -
2024-03-04 11:22:55 - WARNING - Question 229: Se due unità a vela navigano entrambe con stesse mura, ha la precedenza quella che si trova sottovento.:
a) VERO +
b) FALSO -
2024-03-04 11:23:21 - WARNING - Question 232: Se due unità navigano a vela  con mure diverse (una a sinistra e l'altra a dritta), ha la precedenza chi prende il vento a dritta.:
a) VERO +
b) FALSO -
