2024-03-03 14:31:19 - WARNING - Question 8: Quando l'unità a vela si muove a favore di vento, il vento apparente equivale alla differenza tra il vento reale e quello di velocità dell'unità navale stessa.:
a) VERO +
b) FALSO -
2024-03-03 14:33:27 - WARNING - Question 26: Un temporaneo aumento dell'intensità del vento reale (raffica) comporta una favorevole variazione della direzione del vento apparente per assumere un migliore angolo di bolina.:
a) VERO +
b) FALSO -
2024-03-03 14:37:52 - WARNING - Question 36: La "messa a segno" delle vele è generata dal vento apparente durante la navigazione.:
a) VERO +
b) FALSO -
2024-03-03 14:40:07 - WARNING - Question 39: La forza di scarroccio risulta perpendicolare all'asse longitudinale dell'unità a vela.:
a) VERO +
b) FALSO -
2024-03-03 14:43:20 - WARNING - Question 58: Si intende per lato sottovento, la superficie sopravvento della vela che è sottoposta a una depressione.:
a) VERO -
b) FALSO +
2024-03-03 14:43:47 - WARNING - Question 62: Il centro di deriva è il punto di applicazione della resistenza laterale che si oppone alle forze idrodinamiche esercitate sull'opera viva.:
a) VERO +
b) FALSO -
2024-03-03 14:45:59 - WARNING - Question 64: In condizioni di timone neutro (al centro), quando il centro velico è collocato a proravia del centro di deriva, l'unità navale a vela si allontanata dalla direzione del vento (è poggiera).:
a) VERO +
b) FALSO -
2024-03-03 14:47:51 - WARNING - Question 74: Lo svergolamento della vela dipende dalla velocità del vento reale che aumenta in funzione dell'altezza da cui spira rispetto alla superficie del mare.:
a) VERO +
b) FALSO -
2024-03-03 14:48:00 - WARNING - Question 75: Per "straorza" si intende l'improvviso cambio di prua verso la direzione di provenienza del vento, causato da una raffica  o da un'onda particolarmente intensa.:
a) VERO +
b) FALSO -
2024-03-03 14:49:39 - WARNING - Question 86: La concavità della vela assolve alla funzione di diminuire la resistenza all'avanzamento dell'unità.:
a) VERO -
b) FALSO +
2024-03-03 14:49:48 - WARNING - Question 87: Lo spostamento del peso dell'equipaggio a bordo durante la navigazione a vela può servire a contrastare l'azione sbandante generata dallo scarroccio e dalla forza propulsiva.:
a) VERO -
b) FALSO +
2024-03-03 14:50:24 - WARNING - Question 90: E' meglio evitare un'impostazione troppo poggera di un'unità perché tale impostazione limita notevolmente l'azione del timone.:
a) VERO -
b) FALSO +
2024-03-03 14:51:14 - WARNING - Question 95: Lascare la drizza e la base della randa aumenta la concavità della vela (grasso) e le fa  assumere una configurazione adatta all'andatura in fil di ruota.:
a) VERO +
b) FALSO -
2024-03-03 14:53:14 - WARNING - Question 98: Al crescere del vento si cazzano cunningham (o la drizza randa), il tesabase, la drizza genova.:
a) VERO +
b) FALSO -
2024-03-03 14:53:28 - WARNING - Question 99: Al crescere del vento è utile spostare verso prua il carrello del genoa.:
a) VERO -
b) FALSO +
2024-03-03 14:57:32 - WARNING - Question 117: Il genoa o genova è la vela prodiera avente una superficie che non si sovrappone a quella della randa.:
a) VERO -
b) FALSO +
2024-03-03 14:57:41 - WARNING - Question 118: Il genoa (o genova) oltrepassa l'albero verso poppa fino a una lunghezza generalmente pari al 50% della distanza fra l'albero e il punto di mura .:
a) VERO +
b) FALSO -
2024-03-03 14:58:04 - WARNING - Question 122: Il code 0 è una vela asimmetrica adatta alle andature con poco vento comprese tra la bolina larga e il traverso.:
a) VERO +
b) FALSO -
2024-03-03 14:59:22 - WARNING - Question 131: Quello rappresentato in figura è un paranco doppio con il rapporto più favorevole, il cosiddetto fino di 8:1.:
a) VERO +
b) FALSO -
2024-03-03 14:59:35 - WARNING - Question 133: Il tangone è il pennone sul quale è fissata la base della randa.:
a) VERO -
b) FALSO +
2024-03-03 15:00:04 - WARNING - Question 137: Il polipropilene è utilizzato solo per sagole galleggianti utilizzate per il salvataggio.:
a) VERO +
b) FALSO -
2024-03-03 15:00:17 - WARNING - Question 139: Il carrello di randa (o trasto) è il congegno sul quale vengono date volta e bloccate le scotte della randa.:
a) VERO -
b) FALSO +
2024-03-03 15:01:13 - WARNING - Question 148: Il set di vele standard di un catamarano è formato da  randa, fiocco e gennaker.:
a) VERO +
b) FALSO -
2024-03-03 15:01:46 - WARNING - Question 155: E' opportuno utilizzare il nodo piano per unire due cavi aventi diverso diametro.:
a) VERO -
b) FALSO +
2024-03-03 15:01:53 - WARNING - Question 156: La funzione di un nodo savoia è impedire che l'estremità di un cavo si sfili da un passacavo.:
a) VERO +
b) FALSO -
2024-03-03 15:02:03 - WARNING - Question 159: Per lazy jack si intende una particolare drizza utilizzata per issare le vele in condizioni di emergenza.:
a) VERO -
b) FALSO +
2024-03-03 15:02:32 - WARNING - Question 162: Il tesabase è il dispositivo finalizzato a mantenere tesata la base del fiocco.:
a) VERO -
b) FALSO +
2024-03-03 15:02:38 - WARNING - Question 163: Le manovre necessarie all'uso dello spinnaker sono scotta, spring, vang, borosa e  meolo del tangone.:
a) VERO -
b) FALSO +
2024-03-03 15:02:41 - WARNING - Question 164: Per braccio si intende il cavo utilizzato per manovrare e, quindi, regolare la mura dello spinnaker.:
a) VERO +
b) FALSO -
2024-03-03 15:02:46 - WARNING - Question 166: Per impiombatura si intende l'intreccio dei trefoli delle estremità di cavi tessili o in acciaio, al fine di unirli tra di loro o per realizzare un anello fisso a cui agganciare le ferramenta o le manovre.:
a) VERO +
b) FALSO -
2024-03-03 15:02:47 - WARNING - Question 168: Le sartie, sono i cavi generalmente in acciaio (ma anche in fibre tessili particolarmente tenaci), che sostengono l'albero.:
a) VERO +
b) FALSO -
2024-03-03 15:02:47 - WARNING - Question 170: Il vang è un sistema di ritenuta del boma di tipo regolabile che assolve a due funzioni principali: regola la flessione longitudinale dell'albero e influenza la superficie portante della vela.:
a) VERO +
b) FALSO -
2024-03-03 15:02:48 - WARNING - Question 174: Le manovre correnti sono quelle che servono a manovrare le vele, come le scotte, drizze, wang, tesa base ecc.:
a) VERO +
b) FALSO -
2024-03-03 15:02:48 - WARNING - Question 176: Stralli e sartie sono manovre fisse.:
a) VERO +
b) FALSO -
2024-03-03 15:02:49 - WARNING - Question 177: Girando la maniglia in senso orario il winch sostiene una migliore trazione e potenza.:
a) VERO +
b) FALSO -
2024-03-03 15:02:49 - WARNING - Question 178: Il motivo per cui il grillo della penna di randa è del tipo con perno di blocco è per consentire di sganciare la vela evitando che lo stesso cada in mare.:
a) VERO +
b) FALSO -
2024-03-03 15:02:49 - WARNING - Question 179: La calza è una sorta di tubo di tela con il quale si raccoglie lo spinnaker o il gennaker prima di ammainarlo.:
a) VERO +
b) FALSO -
2024-03-03 15:02:50 - WARNING - Question 181: Con il fiocco autovirante la scotta è generalmente rinviata a una puleggia sull'albero.:
a) VERO +
b) FALSO -
2024-03-03 15:02:50 - WARNING - Question 182: Con il genoa avvolgibile ridotto oltre il 30% della superficie si ha una sensibile riduzione di efficienza del profilo.:
a) VERO +
b) FALSO -
2024-03-03 15:02:50 - WARNING - Question 183: L'avvolgifiocco e il moderno sistema che consente di ridurre la vela di prua senza ammainarla.:
a) VERO +
b) FALSO -
2024-03-03 15:02:51 - WARNING - Question 185: Lo stopper è il sistema di bloccaggio che consente di strozzare una drizza.:
a) VERO +
b) FALSO -
2024-03-03 15:02:51 - WARNING - Question 186: Per "sventare" si intende la manovra tesa a condurre l'unità navale con la prua al vento o a mollare le scotte, in modo che le vele non siano portanti:
a) VERO +
b) FALSO -
2024-03-03 15:02:51 - WARNING - Question 188: Per poggiare è necessario porre la barra del timone sopravento ossia dalla parte opposta rispetto alla randa.:
a) VERO +
b) FALSO -
2024-03-03 15:02:52 - WARNING - Question 190: Quando due unità navali a vela navigano di bolina con rotte convergenti, quella con le mure a sinistra poggierà per lasciare la rotta libera a quella con le mure a dritta, passandole di poppa.:
a) VERO +
b) FALSO -
2024-03-03 15:02:52 - WARNING - Question 192: Quando due unità navali a vela navigano di bolina entrambe con le stesse mure, quella sopravento orzerà per lasciare la rotta libera a quella sottovento.:
a) VERO +
b) FALSO -
2024-03-03 15:02:52 - WARNING - Question 193: Dopo aver tesato la drizza della randa, la base della stessa può essere cazzata, poco o molto, a seconda che si vogliano assumere rispettivamente andature larghe o di bolina.:
a) VERO +
b) FALSO -
2024-03-03 15:02:53 - WARNING - Question 194: L'abbattuta è la manovra mediante la quale l'unità a vela cambia mure attraversando con la poppa la direzione da cui proviene il vento.:
a) VERO +
b) FALSO -
2024-03-03 15:02:54 - WARNING - Question 202: Genoa (o genova) e fiocco si armano allo stesso modo perché  hanno, in generale, lo stesso punto di mura nonché risultano inferiti al medesimo strallo.:
a) VERO +
b) FALSO -
2024-03-03 15:02:55 - WARNING - Question 205: Il dispositivo solitamente utilizzato per agganciare la drizza alla penna è un moschettone impiombato alla sommità della drizza stessa.:
a) VERO +
b) FALSO -
2024-03-03 15:02:56 - WARNING - Question 207: La barca viene condotta con la prua al vento al fine di consentire che il fiocco non si gonfi mentre viene issato.:
a) VERO +
b) FALSO -
2024-03-03 15:02:56 - WARNING - Question 209: La doppia canaletta di uno strallo cavo serve per facilitare la sostituzione di una vela di prua.:
a) VERO +
b) FALSO -
