2024-02-28 09:42:25 - WARNING - Question 232: L'estintore ad anidride carbonica va utilizzato::
a) in locali aperti perché agisce per sottrazione di calore. -
b) all'interno di locali chiusi in quanto estingue l'incendio per soffocamento. +
c) sia in locali aperti che chiusi perché agisce per raffreddamento.
2024-02-28 09:43:32 - WARNING - Question 238: Da cosa è generato un incendio di classe B?:
a) da apparecchiature elettriche in tensione.
b) da gas infiammabili. -
c) da liquidi infiammabili. +
2024-02-28 09:46:53 - WARNING - Question 247: Per incendi da gas e da impianti elettrici (classi C ed E) è preferibile utilizzare::
a) un estintore a schiuma.
b) un estintore a CO2. +
c) un estintore a polvere. -
2024-02-28 09:51:03 - WARNING - Question 276: Quale risposta indica correttamente tipologia e quantità di tutte le dotazioni luminose d'emergenza prescritte in caso di navigazione entro le 12 miglia dalla costa::
a) 1 boetta luminosa, 2 fuochi a mano a luce rossa, 2 razzi a paracadute a luce rossa. +
b) 2 fuochi a mano a luce rossa, 1 boetta luminosa. -
c) 2 boette luminose, 3 fuochi a mano a luce rossa, 3 razzi a paracadute a luce rossa.
2024-02-28 09:54:20 - WARNING - Question 285: Per le imbarcazioni da diporto in navigazione entro le 3 miglia dalla costa, quale mezzo collettivo di salvataggio è prescritto?:
a) non è previsto il mezzo collettivo di salvataggio. +
b) 1 zattera di salvataggio costiera. -
c) 1 zattera di salvataggio omologata.
2024-02-28 09:56:45 - WARNING - Question 286: Navigando entro le 3 miglia dalla costa, si deve tenere a bordo dell'unità::
a) il mezzo collettivo di salvataggio.
b) i 2 fuochi a mano a luce rossa. +
c) i 2 razzi a paracadute a luce rossa. -
2024-02-28 09:57:08 - WARNING - Question 288: Normalmente, qual è la portata in miglia dei fuochi a mano a luce rossa?:
a) 7 miglia. -
b) 6 miglia. +
c) 5 miglia.
2024-02-28 10:05:52 - WARNING - Question 302: E' obbligatorio il radar?:
a) si, sempre.
b) si solo oltre le 12 miglia dalla costa. -
c) no, ma è consigliato per la navigazione notturna. +
2024-02-28 10:09:29 - WARNING - Question 307: La zattera di salvataggio costiera non è prevista::
a) quando naviga oltre le 12 miglia nautiche dalla costa. -
b) quando naviga oltre 6 miglia dalla costa, fino alle 12 miglia dalla costa.
c) quando naviga entro le 6 miglia dalla costa. +
2024-02-28 10:10:31 - WARNING - Question 311: Per un'imbarcazione da diporto che naviga entro le 12 miglia nautiche dalla costa è obbligatorio avere a bordo la zattera di salvataggio (non costiera)?:
a) no, fino ad un massimo di sei persone a bordo.
b) sì, sempre. -
c) No. +
2024-02-28 10:12:21 - WARNING - Question 323: Un'imbarcazione da diporto munita di Marcatura CE, è soggetta a visite::
a) periodiche ed occasionali. +
b) solo su richiesta dell'Autorità marittima. -
c) in caso di ritiro della licenza di navigazione.
2024-02-28 10:13:40 - WARNING - Question 328: Superata la prima scadenza del certificato di sicurezza, ogni quanti anni deve essere sottoposta a visita un'imbarcazione da diporto ai fini del rinnovo del certificato medesimo?:
a) 8 anni. -
b) 5 anni. +
c) 10 anni.
2024-02-28 10:28:46 - WARNING - Question 385: In caso di un grave infortunio occorso ad un membro dell'equipaggio durante la navigazione, quale Ente sarà opportuno contattare il prima possibile?:
a) guardia medica più vicina.
b) Centro Internazionale Radio
Medico (CIRM). +
c) Croce Rossa internazionale. -
2024-02-28 10:28:58 - WARNING - Question 386: Quando l'Autorità Marittima può ordinare alle unità da diporto di partecipare alle attività di soccorso in mare?:
a) quando si trovano in porto o nelle vicinanze. +
b) solo se in navigazione.
c) a prescindere dalla distanza in cui si trovano. -
2024-02-28 10:36:00 - WARNING - Question 428: Da cosa è preceduta la chiamata di urgenza?:
a) la parola MAYDAY ripetuta tre volte.
b) le parole PAN PAN ripetute tre volte. +
c) la parola SECURITE' ripetuta tre volte. -
